<?xml version="1.0" encoding="UTF-8"?>
<!-- Generated by org.testng.reporters.JUnitReportReporter -->
<testsuite hostname="BasavarajDSMR-7" failures="0" tests="2" name="testCases.TC002_LoginTest" time="4.521" errors="0" timestamp="2025-07-26T18:25:58 IST" skipped="0">
  <testcase classname="testCases.TC002_LoginTest" name="verify_login" time="2.120"/>
  <testcase classname="testCases.TC002_LoginTest" name="verify_login" time="2.401"/>
</testsuite> <!-- testCases.TC002_LoginTest -->
